-------------------------------------------------------------------------------
Test set: OperacionesJUnitTest
-------------------------------------------------------------------------------
Tests run: 1, Failures: 1, Errors: 0, Skipped: 0, Time elapsed: 0.066 s <<< FAILURE! - in OperacionesJUnitTest
testOperaciones(OperacionesJUnitTest)  Time elapsed: 0.008 s  <<< FAILURE!
java.lang.AssertionError: expected:<8> but was:<9>
	at OperacionesJUnitTest.testOperaciones(OperacionesJUnitTest.java:25)

